<?xml version="1.0" encoding="UTF-8"?>
<!-- Generated by org.testng.reporters.JUnitXMLReporter -->
<testsuite ignored="0" hostname="DESKTOP-3113IA3" failures="1" tests="3" name="Test" time="0.131" errors="0" timestamp="2026-06-16T08:07:45 IST">
  <testcase classname="testcases.PaymentTest" name="paid" time="0.016">
    <skipped/>
  </testcase> <!-- paid -->
  <testcase classname="testcases.PaymentTest" name="paid" time="0.004">
    <skipped/>
  </testcase> <!-- paid -->
  <testcase classname="testcases.PaymentTest" name="paid" time="0.002">
    <failure type="java.lang.ArithmeticException" message="/ by zero">
      <![CDATA[java.lang.ArithmeticException: / by zero
at testcases.PaymentTest.paid(PaymentTest.java:14)
at java.base/java.util.concurrent.Executors$RunnableAdapter.call(Executors.java:572)
at java.base/java.util.concurrent.FutureTask.run(FutureTask.java:317)
at java.base/java.util.concurrent.ThreadPoolExecutor.runWorker(ThreadPoolExecutor.java:1144)
at java.base/java.util.concurrent.ThreadPoolExecutor$Worker.run(ThreadPoolExecutor.java:642)
at java.base/java.lang.Thread.run(Thread.java:1575)
... Removed 11 stack frames]]>
    </failure>
  </testcase> <!-- paid -->
</testsuite> <!-- Test -->
