<?xml version="1.0" encoding="UTF-8"?>
<testng-results ignored="0" total="2" passed="2" failed="0" skipped="0">
  <reporter-output>
  </reporter-output>
  <suite started-at="2026-06-15T08:27:25 IST" name="Suite" finished-at="2026-06-15T08:27:38 IST" duration-ms="12813">
    <groups>
    </groups>
    <test started-at="2026-06-15T08:27:25 IST" name="Test" finished-at="2026-06-15T08:27:38 IST" duration-ms="12813">
      <class name="testcases.ParallelTest">
        <test-method signature="methodB()[pri:0, instance:testcases.ParallelTest@26794848]" started-at="2026-06-15T08:27:25 IST" name="methodB" finished-at="2026-06-15T08:27:38 IST" duration-ms="12747" status="PASS">
          <reporter-output>
          </reporter-output>
        </test-method> <!-- methodB -->
        <test-method signature="methodA()[pri:0, instance:testcases.ParallelTest@26794848]" started-at="2026-06-15T08:27:25 IST" name="methodA" finished-at="2026-06-15T08:27:36 IST" duration-ms="10952" status="PASS">
          <reporter-output>
          </reporter-output>
        </test-method> <!-- methodA -->
      </class> <!-- testcases.ParallelTest -->
    </test> <!-- Test -->
  </suite> <!-- Suite -->
</testng-results>
