<?xml version="1.0" encoding="UTF-8"?>
<!-- Generated by org.testng.reporters.JUnitReportReporter -->
<testsuite hostname="DESKTOP-3113IA3" failures="0" tests="3" name="testcases.PriorityTest" time="0.018" errors="0" timestamp="2026-06-15T08:15:24 IST" skipped="0">
  <testcase classname="testcases.PriorityTest" name="methodA" time="0.011"/>
  <testcase classname="testcases.PriorityTest" name="methodC" time="0.004"/>
  <testcase classname="testcases.PriorityTest" name="methodB" time="0.003"/>
</testsuite> <!-- testcases.PriorityTest -->
