<?xml version="1.0" encoding="UTF-8"?>
<!-- Generated by org.testng.reporters.JUnitReportReporter -->
<testsuite hostname="DESKTOP-3113IA3" failures="0" tests="3" name="testcases.PriorityTest" time="0.029" errors="0" timestamp="2026-06-16T07:49:28 IST" skipped="0">
  <testcase classname="testcases.PriorityTest" name="methodC" time="0.011"/>
  <testcase classname="testcases.PriorityTest" name="methodA" time="0.012"/>
  <testcase classname="testcases.PriorityTest" name="methodB" time="0.006"/>
</testsuite> <!-- testcases.PriorityTest -->
